<?xml version="1.0" encoding="UTF-8"?>
<testng-results ignored="0" total="0" passed="0" failed="0" skipped="0">
  <reporter-output>
  </reporter-output>
  <suite started-at="2021-08-26T11:15:51Z" name="AsianPSaints" finished-at="2021-08-26T11:16:02Z" duration-ms="11260">
    <groups>
      <group name="cucumber">
        <method signature="AbstractTestNGCucumberTests.runScenario(io.cucumber.testng.PickleWrapper, io.cucumber.testng.FeatureWrapper)[pri:0, instance:paintsandtextures_testsuite.PaintsandTextures_runner@306cf3ea]" name="runScenario" class="io.cucumber.testng.AbstractTestNGCucumberTests"/>
        <method signature="AbstractTestNGCucumberTests.runScenario(io.cucumber.testng.PickleWrapper, io.cucumber.testng.FeatureWrapper)[pri:0, instance:paintsandtextures_testsuite.PaintsandTextures_runner@55536d9e]" name="runScenario" class="io.cucumber.testng.AbstractTestNGCucumberTests"/>
      </group> <!-- cucumber -->
    </groups>
    <test started-at="2021-08-26T11:15:51Z" name="asianpaints_test_chrome" finished-at="2021-08-26T11:15:54Z" duration-ms="2811">
      <class name="paintsandtextures_testsuite.PaintsandTextures_runner">
        <test-method is-config="true" signature="setUpClass()[pri:0, instance:paintsandtextures_testsuite.PaintsandTextures_runner@306cf3ea]" started-at="2021-08-26T11:15:53Z" name="setUpClass" finished-at="2021-08-26T11:15:54Z" duration-ms="438" status="PASS">
          <reporter-output>
          </reporter-output>
        </test-method> <!-- setUpClass -->
        <test-method is-config="true" signature="tearDownClass()[pri:0, instance:paintsandtextures_testsuite.PaintsandTextures_runner@306cf3ea]" started-at="2021-08-26T11:15:54Z" name="tearDownClass" finished-at="2021-08-26T11:15:54Z" duration-ms="28" status="PASS">
          <reporter-output>
          </reporter-output>
        </test-method> <!-- tearDownClass -->
      </class> <!-- paintsandtextures_testsuite.PaintsandTextures_runner -->
      <class name="hooks.Base_asianpaints">
        <test-method is-config="true" signature="setUp(java.lang.String)[pri:0, instance:hooks.Base_asianpaints@1bb266b3]" started-at="2021-08-26T11:15:51Z" name="setUp" finished-at="2021-08-26T11:15:53Z" duration-ms="2305" status="PASS">
          <params>
            <param index="0">
              <value>
                <![CDATA[chrome]]>
              </value>
            </param>
          </params>
          <reporter-output>
          </reporter-output>
        </test-method> <!-- setUp -->
      </class> <!-- hooks.Base_asianpaints -->
    </test> <!-- asianpaints_test_chrome -->
    <test started-at="2021-08-26T11:15:54Z" name="asianpaints_test_firefox" finished-at="2021-08-26T11:16:02Z" duration-ms="8371">
      <class name="paintsandtextures_testsuite.PaintsandTextures_runner">
        <test-method is-config="true" signature="setUpClass()[pri:0, instance:paintsandtextures_testsuite.PaintsandTextures_runner@55536d9e]" started-at="2021-08-26T11:16:02Z" name="setUpClass" finished-at="2021-08-26T11:16:02Z" duration-ms="14" status="PASS">
          <reporter-output>
          </reporter-output>
        </test-method> <!-- setUpClass -->
        <test-method is-config="true" signature="tearDownClass()[pri:0, instance:paintsandtextures_testsuite.PaintsandTextures_runner@55536d9e]" started-at="2021-08-26T11:16:02Z" name="tearDownClass" finished-at="2021-08-26T11:16:02Z" duration-ms="2" status="PASS">
          <reporter-output>
          </reporter-output>
        </test-method> <!-- tearDownClass -->
      </class> <!-- paintsandtextures_testsuite.PaintsandTextures_runner -->
      <class name="hooks.Base_asianpaints">
        <test-method is-config="true" signature="reportssetup()[pri:0, instance:hooks.Base_asianpaints@346d61be]" started-at="2021-08-26T11:15:50Z" name="reportssetup" finished-at="2021-08-26T11:15:51Z" duration-ms="606" status="PASS">
          <reporter-output>
          </reporter-output>
        </test-method> <!-- reportssetup -->
        <test-method is-config="true" signature="setUp(java.lang.String)[pri:0, instance:hooks.Base_asianpaints@346d61be]" started-at="2021-08-26T11:15:54Z" name="setUp" finished-at="2021-08-26T11:16:02Z" duration-ms="8353" status="PASS">
          <params>
            <param index="0">
              <value>
                <![CDATA[firefox]]>
              </value>
            </param>
          </params>
          <reporter-output>
          </reporter-output>
        </test-method> <!-- setUp -->
        <test-method is-config="true" signature="tearDown()[pri:0, instance:hooks.Base_asianpaints@346d61be]" started-at="2021-08-26T11:16:02Z" name="tearDown" finished-at="2021-08-26T11:16:02Z" duration-ms="4" status="PASS">
          <reporter-output>
          </reporter-output>
        </test-method> <!-- tearDown -->
      </class> <!-- hooks.Base_asianpaints -->
    </test> <!-- asianpaints_test_firefox -->
  </suite> <!-- AsianPSaints -->
</testng-results>
